0 info it worked if it ends with ok
1 verbose cli [ 'node', '/usr/local/bin/npm', 'start' ]
2 info using npm@2.1.8
3 info using node@v0.10.33
4 verbose node symlink /usr/local/bin/node
5 verbose run-script [ 'prestart', 'start', 'poststart' ]
6 info prestart gnavi-mongo@1.0.0
7 info start gnavi-mongo@1.0.0
8 verbose unsafe-perm in lifecycle true
9 info gnavi-mongo@1.0.0 Failed to exec start script
10 verbose stack Error: gnavi-mongo@1.0.0 start: `node ./server/nodeapp.js`
10 verbose stack Exit status 8
10 verbose stack     at EventEmitter.<anonymous> (/usr/local/lib/node_modules/npm/lib/utils/lifecycle.js:212:16)
10 verbose stack     at EventEmitter.emit (events.js:98:17)
10 verbose stack     at ChildProcess.<anonymous> (/usr/local/lib/node_modules/npm/lib/utils/spawn.js:14:12)
10 verbose stack     at ChildProcess.emit (events.js:98:17)
10 verbose stack     at maybeClose (child_process.js:756:16)
10 verbose stack     at Process.ChildProcess._handle.onexit (child_process.js:823:5)
11 verbose pkgid gnavi-mongo@1.0.0
12 verbose cwd /Users/xul15/Documents/work/nodejs_app/gnavi-mongo
13 error Darwin 13.4.0
14 error argv "node" "/usr/local/bin/npm" "start"
15 error node v0.10.33
16 error npm  v2.1.8
17 error code ELIFECYCLE
18 error gnavi-mongo@1.0.0 start: `node ./server/nodeapp.js`
18 error Exit status 8
19 error Failed at the gnavi-mongo@1.0.0 start script 'node ./server/nodeapp.js'.
19 error This is most likely a problem with the gnavi-mongo package,
19 error not with npm itself.
19 error Tell the author that this fails on your system:
19 error     node ./server/nodeapp.js
19 error You can get their info via:
19 error     npm owner ls gnavi-mongo
19 error There is likely additional logging output above.
20 verbose exit [ 1, true ]
